<?xml version="1.0" encoding="UTF-8"?>
<!-- Generated by org.testng.reporters.JUnitXMLReporter -->
<testsuite ignored="2" hostname="Priyanka" failures="0" tests="2" name="Test-Runner-edge" time="1.966" errors="0" timestamp="2023-05-29T12:17:22 IST">
  <testcase classname="brynitimeGenericLibrary.BaseClass" name="@BeforeClass bcconfig" time="1.211">
    <failure type="io.github.bonigarcia.wdm.WebDriverManagerException" message="java.net.UnknownHostException: developer.microsoft.com">
      <![CDATA[io.github.bonigarcia.wdm.WebDriverManagerException: java.net.UnknownHostException: developer.microsoft.com
at io.github.bonigarcia.wdm.WebDriverManager.handleException(WebDriverManager.java:776)
at io.github.bonigarcia.wdm.WebDriverManager.manage(WebDriverManager.java:550)
at io.github.bonigarcia.wdm.WebDriverManager.handleException(WebDriverManager.java:773)
at io.github.bonigarcia.wdm.WebDriverManager.manage(WebDriverManager.java:550)
at io.github.bonigarcia.wdm.WebDriverManager.handleException(WebDriverManager.java:766)
at io.github.bonigarcia.wdm.WebDriverManager.manage(WebDriverManager.java:550)
at io.github.bonigarcia.wdm.WebDriverManager.setup(WebDriverManager.java:260)
at brynitimeGenericLibrary.BaseClass.bcconfig(BaseClass.java:52)
at java.base/java.util.ArrayList.forEach(ArrayList.java:1511)
at java.base/java.util.concurrent.FutureTask.run(FutureTask.java:264)
at java.base/java.util.concurrent.ThreadPoolExecutor.runWorker(ThreadPoolExecutor.java:1136)
at java.base/java.util.concurrent.ThreadPoolExecutor$Worker.run(ThreadPoolExecutor.java:635)
at java.base/java.lang.Thread.run(Thread.java:833)
Caused by: java.net.UnknownHostException: developer.microsoft.com
at java.base/java.net.InetAddress$CachedAddresses.get(InetAddress.java:801)
at java.base/java.net.InetAddress.getAllByName0(InetAddress.java:1519)
at java.base/java.net.InetAddress.getAllByName(InetAddress.java:1377)
at java.base/java.net.InetAddress.getAllByName(InetAddress.java:1305)
at org.apache.http.impl.conn.SystemDefaultDnsResolver.resolve(SystemDefaultDnsResolver.java:45)
at org.apache.http.impl.conn.DefaultHttpClientConnectionOperator.connect(DefaultHttpClientConnectionOperator.java:112)
at org.apache.http.impl.conn.PoolingHttpClientConnectionManager.connect(PoolingHttpClientConnectionManager.java:373)
at org.apache.http.impl.execchain.MainClientExec.establishRoute(MainClientExec.java:394)
at org.apache.http.impl.execchain.MainClientExec.execute(MainClientExec.java:237)
at org.apache.http.impl.execchain.ProtocolExec.execute(ProtocolExec.java:185)
at org.apache.http.impl.execchain.RetryExec.execute(RetryExec.java:89)
at org.apache.http.impl.execchain.RedirectExec.execute(RedirectExec.java:110)
at org.apache.http.impl.client.InternalHttpClient.doExecute(InternalHttpClient.java:185)
at org.apache.http.impl.client.CloseableHttpClient.execute(CloseableHttpClient.java:83)
at org.apache.http.impl.client.CloseableHttpClient.execute(CloseableHttpClient.java:108)
at io.github.bonigarcia.wdm.HttpClient.execute(HttpClient.java:169)
at io.github.bonigarcia.wdm.EdgeDriverManager.getDrivers(EdgeDriverManager.java:103)
at io.github.bonigarcia.wdm.WebDriverManager.filterCandidateUrls(WebDriverManager.java:792)
at io.github.bonigarcia.wdm.WebDriverManager.downloadAndExport(WebDriverManager.java:568)
at io.github.bonigarcia.wdm.WebDriverManager.manage(WebDriverManager.java:547)
... 27 more
... Removed 16 stack frames]]>
    </failure>
  </testcase> <!-- @BeforeClass bcconfig -->
  <testcase classname="brynitimeGenericLibrary.BaseClass" name="@BeforeMethod bmconfig" time="-1.685342842224E9">
    <skipped/>
  </testcase> <!-- @BeforeMethod bmconfig -->
  <testcase classname="brynitimeGenericLibrary.BaseClass" name="@AfterMethod amconfig" time="-1.685342842238E9">
    <skipped/>
  </testcase> <!-- @AfterMethod amconfig -->
  <testcase classname="brynitimeGenericLibrary.BaseClass" name="@AfterClass acConfig" time="-1.685342842241E9">
    <skipped/>
  </testcase> <!-- @AfterClass acConfig -->
  <testcase classname="brynitimeGenericLibrary.BaseClass" name="@BeforeClass bcconfig" time="0.576">
    <failure type="io.github.bonigarcia.wdm.WebDriverManagerException" message="java.net.UnknownHostException: developer.microsoft.com">
      <![CDATA[io.github.bonigarcia.wdm.WebDriverManagerException: java.net.UnknownHostException: developer.microsoft.com
at io.github.bonigarcia.wdm.WebDriverManager.handleException(WebDriverManager.java:776)
at io.github.bonigarcia.wdm.WebDriverManager.manage(WebDriverManager.java:550)
at io.github.bonigarcia.wdm.WebDriverManager.handleException(WebDriverManager.java:773)
at io.github.bonigarcia.wdm.WebDriverManager.manage(WebDriverManager.java:550)
at io.github.bonigarcia.wdm.WebDriverManager.handleException(WebDriverManager.java:766)
at io.github.bonigarcia.wdm.WebDriverManager.manage(WebDriverManager.java:550)
at io.github.bonigarcia.wdm.WebDriverManager.setup(WebDriverManager.java:260)
at brynitimeGenericLibrary.BaseClass.bcconfig(BaseClass.java:52)
at java.base/java.util.ArrayList.forEach(ArrayList.java:1511)
at java.base/java.util.concurrent.FutureTask.run(FutureTask.java:264)
at java.base/java.util.concurrent.ThreadPoolExecutor.runWorker(ThreadPoolExecutor.java:1136)
at java.base/java.util.concurrent.ThreadPoolExecutor$Worker.run(ThreadPoolExecutor.java:635)
at java.base/java.lang.Thread.run(Thread.java:833)
Caused by: java.net.UnknownHostException: developer.microsoft.com
at java.base/java.net.InetAddress$CachedAddresses.get(InetAddress.java:801)
at java.base/java.net.InetAddress.getAllByName0(InetAddress.java:1519)
at java.base/java.net.InetAddress.getAllByName(InetAddress.java:1377)
at java.base/java.net.InetAddress.getAllByName(InetAddress.java:1305)
at org.apache.http.impl.conn.SystemDefaultDnsResolver.resolve(SystemDefaultDnsResolver.java:45)
at org.apache.http.impl.conn.DefaultHttpClientConnectionOperator.connect(DefaultHttpClientConnectionOperator.java:112)
at org.apache.http.impl.conn.PoolingHttpClientConnectionManager.connect(PoolingHttpClientConnectionManager.java:373)
at org.apache.http.impl.execchain.MainClientExec.establishRoute(MainClientExec.java:394)
at org.apache.http.impl.execchain.MainClientExec.execute(MainClientExec.java:237)
at org.apache.http.impl.execchain.ProtocolExec.execute(ProtocolExec.java:185)
at org.apache.http.impl.execchain.RetryExec.execute(RetryExec.java:89)
at org.apache.http.impl.execchain.RedirectExec.execute(RedirectExec.java:110)
at org.apache.http.impl.client.InternalHttpClient.doExecute(InternalHttpClient.java:185)
at org.apache.http.impl.client.CloseableHttpClient.execute(CloseableHttpClient.java:83)
at org.apache.http.impl.client.CloseableHttpClient.execute(CloseableHttpClient.java:108)
at io.github.bonigarcia.wdm.HttpClient.execute(HttpClient.java:169)
at io.github.bonigarcia.wdm.EdgeDriverManager.getDrivers(EdgeDriverManager.java:103)
at io.github.bonigarcia.wdm.WebDriverManager.filterCandidateUrls(WebDriverManager.java:792)
at io.github.bonigarcia.wdm.WebDriverManager.downloadAndExport(WebDriverManager.java:568)
at io.github.bonigarcia.wdm.WebDriverManager.manage(WebDriverManager.java:547)
... 27 more
... Removed 16 stack frames]]>
    </failure>
  </testcase> <!-- @BeforeClass bcconfig -->
  <testcase classname="brynitimeGenericLibrary.BaseClass" name="@BeforeMethod bmconfig" time="-1.685342842839E9">
    <skipped/>
  </testcase> <!-- @BeforeMethod bmconfig -->
  <testcase classname="brynitimeGenericLibrary.BaseClass" name="@AfterMethod amconfig" time="-1.68534284285E9">
    <skipped/>
  </testcase> <!-- @AfterMethod amconfig -->
  <testcase classname="brynitimeGenericLibrary.BaseClass" name="@AfterClass acConfig" time="-1.685342842853E9">
    <skipped/>
  </testcase> <!-- @AfterClass acConfig -->
  <testcase classname="usermodule.Trackordertest" name="trackorder" time="0.0">
    <skipped/>
  </testcase> <!-- trackorder -->
  <testcase classname="usermodule.RemoveProduct" name="removeproduct" time="0.0">
    <skipped/>
  </testcase> <!-- removeproduct -->
  <testcase classname="brynitimeGenericLibrary.BaseClass" name="@BeforeSuite bsconfig" time="0.0">
    <ignored/>
  </testcase> <!-- @BeforeSuite bsconfig -->
  <testcase classname="brynitimeGenericLibrary.BaseClass" name="@AfterSuite acconfig" time="0.0">
    <ignored/>
  </testcase> <!-- @AfterSuite acconfig -->
</testsuite> <!-- Test-Runner-edge -->
