<?xml version="1.0" encoding="UTF-8"?>
<!-- Generated by org.testng.reporters.JUnitReportReporter -->
<testsuite hostname="Priyanka" failures="0" tests="1" name="usermodule.Displayorderedproduct" time="24.727" errors="0" timestamp="2023-05-29T15:15:40 IST" skipped="0">
  <testcase classname="usermodule.Displayorderedproduct" name="diplayproduct" time="24.727"/>
  <system-out/>
</testsuite> <!-- usermodule.Displayorderedproduct -->
