<?xml version="1.0" encoding="UTF-8"?>
<!-- Generated by org.testng.reporters.JUnitReportReporter -->
<testsuite hostname="Priyanka" failures="0" tests="1" name="usermodule.Addproductincart" time="7.919" errors="0" timestamp="2023-06-02T15:42:54 IST" skipped="0">
  <testcase classname="usermodule.Addproductincart" name="addproduct" time="7.919"/>
  <system-out/>
</testsuite> <!-- usermodule.Addproductincart -->
