<?xml version="1.0" encoding="UTF-8"?>
<!-- Generated by org.testng.reporters.JUnitReportReporter -->
<testsuite hostname="Priyanka" failures="0" tests="3" name="practiceTestNG.Testngpractice" time="0.008" errors="0" timestamp="2023-05-23T16:59:30 IST" skipped="1">
  <testcase classname="practiceTestNG.Testngpractice" name="create" time="0.007"/>
  <system-out/>
  <testcase classname="practiceTestNG.Testngpractice" name="delete" time="0.001"/>
  <system-out/>
  <testcase classname="practiceTestNG.Testngpractice" name="update">
    <skipped/>
  </testcase> <!-- update -->
  <system-out/>
</testsuite> <!-- practiceTestNG.Testngpractice -->
