<?xml version="1.0" encoding="UTF-8"?>
<!-- Generated by org.testng.reporters.JUnitReportReporter -->
<testsuite hostname="Priyanka" failures="0" tests="1" name="usermodule.IncreasequantityTest" time="26.675" errors="0" timestamp="2023-05-29T15:15:40 IST" skipped="0">
  <testcase classname="usermodule.IncreasequantityTest" name="increasequantity" time="26.675"/>
  <system-out/>
</testsuite> <!-- usermodule.IncreasequantityTest -->
