<?xml version="1.0" encoding="UTF-8"?>
<!-- Generated by org.testng.reporters.JUnitReportReporter -->
<testsuite hostname="Priyanka" failures="0" tests="1" name="usermodule.Trackordertest" time="5.656" errors="0" timestamp="2023-06-02T12:55:21 IST" skipped="0">
  <testcase classname="usermodule.Trackordertest" name="trackorder" time="5.656"/>
  <system-out/>
</testsuite> <!-- usermodule.Trackordertest -->
